<?xml version="1.0" encoding="UTF-8" ?>
<testsuite tests="5" failures="0" name="com.shaimeur.dao.EmployeeDaoImplTest" time="0.004" errors="0" skipped="0">
  <properties>
[...]
</properties>
  <testcase classname="com.shaimeur.dao.EmployeeDaoImplTest" name="testAdd" time="0.004"/>
  <testcase classname="com.shaimeur.dao.EmployeeDaoImplTest" name="testFind" time="0"/>
  <testcase classname="com.shaimeur.dao.EmployeeDaoImplTest" name="testDelete" time="0"/>
  <testcase classname="com.shaimeur.dao.EmployeeDaoImplTest" name="testGetAll" time="0"/>
  <testcase classname="com.shaimeur.dao.EmployeeDaoImplTest" name="testUpdate" time="0"/>
</testsuite>